This is pdfTeX, Version 3.141592653-2.6-1.40.29 (TeX Live 2026/Termux) (preloaded format=pdflatex 2026.7.1)  1 JUL 2026 15:09
entering extended mode
 restricted \write18 enabled.
 %&-line parsing enabled.
**7segdisp_gate_document.tex
(./7segdisp_gate_document.tex
LaTeX2e <2026-06-01>
L3 programming layer <2026-06-18>

(/data/data/com.termux/files/usr/share/texlive/2026/texmf-dist/tex/latex/base/a
rticle.cls
Document Class: article 2025/01/22 v1.4n Standard LaTeX document class

(/data/data/com.termux/files/usr/share/texlive/2026/texmf-dist/tex/latex/base/s
ize12.clo
File: size12.clo 2025/01/22 v1.4n Standard LaTeX file (size option)
)
\c@part=\count276
\c@section=\count277
\c@subsection=\count278
\c@subsubsection=\count279
\c@paragraph=\count280
\c@subparagraph=\count281
\c@figure=\count282
\c@table=\count283
\abovecaptionskip=\skip49
\belowcaptionskip=\skip50
\bibindent=\dimen150
)
(/data/data/com.termux/files/usr/share/texlive/2026/texmf-dist/tex/latex/graphi
cs/graphicx.sty
Package: graphicx 2026-05-17 v1.2e Enhanced LaTeX Graphics (DPC,SPQR)

(/data/data/com.termux/files/usr/share/texlive/2026/texmf-dist/tex/latex/graphi
cs/keyval.sty
Package: keyval 2026-05-17 v1.15 key=value parser (DPC)
\KV@toks@=\toks17
)
(/data/data/com.termux/files/usr/share/texlive/2026/texmf-dist/tex/latex/graphi
cs/graphics.sty
Package: graphics 2026-05-17 v1.4h Standard LaTeX Graphics (DPC,SPQR)

(/data/data/com.termux/files/usr/share/texlive/2026/texmf-dist/tex/latex/graphi
cs/trig.sty
Package: trig 2023/12/02 v1.11 sin cos tan (DPC)
)
(/data/data/com.termux/files/usr/share/texlive/2026/texmf-dist/tex/latex/graphi
cs-cfg/graphics.cfg
File: graphics.cfg 2016/06/04 v1.11 sample graphics configuration
)
Package graphics Info: Driver file: pdftex.def on input line 106.

(/data/data/com.termux/files/usr/share/texlive/2026/texmf-dist/tex/latex/graphi
cs-def/pdftex.def
File: pdftex.def 2025/09/29 v1.2d Graphics/color driver for pdftex
))
\Gin@req@height=\dimen151
\Gin@req@width=\dimen152
)
(/data/data/com.termux/files/usr/share/texlive/2026/texmf-dist/tex/latex/geomet
ry/geometry.sty
Package: geometry 2026/03/07 v6.0 Page Geometry

(/data/data/com.termux/files/usr/share/texlive/2026/texmf-dist/tex/generic/ifte
x/ifvtex.sty
Package: ifvtex 2019/10/25 v1.7 ifvtex legacy package. Use iftex instead.

(/data/data/com.termux/files/usr/share/texlive/2026/texmf-dist/tex/generic/ifte
x/iftex.sty
Package: iftex 2024/12/12 v1.0g TeX engine tests
))
\Gm@cnth=\count284
\Gm@cntv=\count285
\c@Gm@tempcnt=\count286
\Gm@bindingoffset=\dimen153
\Gm@wd@mp=\dimen154
\Gm@odd@mp=\dimen155
\Gm@even@mp=\dimen156
\Gm@layoutwidth=\dimen157
\Gm@layoutheight=\dimen158
\Gm@layouthoffset=\dimen159
\Gm@layoutvoffset=\dimen160
\Gm@dimlist=\toks18
)
(/data/data/com.termux/files/usr/share/texlive/2026/texmf-dist/tex/latex/xcolor
/xcolor.sty
Package: xcolor 2024/09/29 v3.02 LaTeX color extensions (UK)

(/data/data/com.termux/files/usr/share/texlive/2026/texmf-dist/tex/latex/graphi
cs-cfg/color.cfg
File: color.cfg 2016/01/02 v1.6 sample color configuration
)
Package xcolor Info: Driver file: pdftex.def on input line 274.

(/data/data/com.termux/files/usr/share/texlive/2026/texmf-dist/tex/latex/graphi
cs/mathcolor.ltx)
Package xcolor Info: Model `cmy' substituted by `cmy0' on input line 1349.
Package xcolor Info: Model `hsb' substituted by `rgb' on input line 1353.
Package xcolor Info: Model `RGB' extended on input line 1365.
Package xcolor Info: Model `HTML' substituted by `rgb' on input line 1367.
Package xcolor Info: Model `Hsb' substituted by `hsb' on input line 1368.
Package xcolor Info: Model `tHsb' substituted by `hsb' on input line 1369.
Package xcolor Info: Model `HSB' substituted by `hsb' on input line 1370.
Package xcolor Info: Model `Gray' substituted by `gray' on input line 1371.
Package xcolor Info: Model `wave' substituted by `hsb' on input line 1372.
)
(/data/data/com.termux/files/usr/share/texlive/2026/texmf-dist/tex/latex/tools/
array.sty
Package: array 2026/02/24 v2.7b Tabular extension package (FMi)
\col@sep=\dimen161
\ar@mcellbox=\box53
\extrarowheight=\dimen162
\NC@list=\toks19
\extratabsurround=\skip51
\backup@length=\skip52
\ar@cellbox=\box54
)
(/data/data/com.termux/files/usr/share/texlive/2026/texmf-dist/tex/latex/tools/
longtable.sty
Package: longtable 2026-01-28 v4.27 Multi-page Table package (DPC)
\LTleft=\skip53
\LTright=\skip54
\LTpre=\skip55
\LTpost=\skip56
\LTchunksize=\count287
\LTcapwidth=\dimen163
\LT@head=\box55
\LT@firsthead=\box56
\LT@foot=\box57
\LT@lastfoot=\box58
\LT@gbox=\box59
\LT@cols=\count288
\LT@rows=\count289
\c@LT@tables=\count290
\c@LT@chunks=\count291
\LT@p@ftn=\toks20
)
(/data/data/com.termux/files/usr/share/texlive/2026/texmf-dist/tex/latex/fancyh
dr/fancyhdr.sty
Package: fancyhdr 2025/02/07 v5.2 Extensive control of page headers and footers

\f@nch@headwidth=\skip57
\f@nch@offset@elh=\skip58
\f@nch@offset@erh=\skip59
\f@nch@offset@olh=\skip60
\f@nch@offset@orh=\skip61
\f@nch@offset@elf=\skip62
\f@nch@offset@erf=\skip63
\f@nch@offset@olf=\skip64
\f@nch@offset@orf=\skip65
\f@nch@height=\skip66
\f@nch@footalignment=\skip67
\f@nch@widthL=\skip68
\f@nch@widthC=\skip69
\f@nch@widthR=\skip70
\@temptokenb=\toks21
)
(/data/data/com.termux/files/usr/share/texlive/2026/texmf-dist/tex/latex/amsmat
h/amsmath.sty
Package: amsmath 2026/05/19 v2.18d AMS math features
\@mathmargin=\skip71

For additional information on amsmath, use the `?' option.

(/data/data/com.termux/files/usr/share/texlive/2026/texmf-dist/tex/latex/amsmat
h/amstext.sty
Package: amstext 2024/11/17 v2.01 AMS text

(/data/data/com.termux/files/usr/share/texlive/2026/texmf-dist/tex/latex/amsmat
h/amsgen.sty
File: amsgen.sty 1999/11/30 v2.0 generic functions
\@emptytoks=\toks22
\ex@=\dimen164
))
(/data/data/com.termux/files/usr/share/texlive/2026/texmf-dist/tex/latex/amsmat
h/amsbsy.sty
Package: amsbsy 1999/11/29 v1.2d Bold Symbols
\pmbraise@=\dimen165
)
(/data/data/com.termux/files/usr/share/texlive/2026/texmf-dist/tex/latex/amsmat
h/amsopn.sty
Package: amsopn 2022/04/08 v2.04 operator names
)
\inf@bad=\count292
LaTeX Info: Redefining \frac on input line 233.
\uproot@=\count293
\leftroot@=\count294
LaTeX Info: Redefining \overline on input line 398.
LaTeX Info: Redefining \colon on input line 409.
\classnum@=\count295
\DOTSCASE@=\count296
LaTeX Info: Redefining \ldots on input line 495.
LaTeX Info: Redefining \dots on input line 498.
LaTeX Info: Redefining \cdots on input line 619.
\Mathstrutbox@=\box60
\strutbox@=\box61
LaTeX Info: Redefining \big on input line 721.
LaTeX Info: Redefining \Big on input line 722.
LaTeX Info: Redefining \bigg on input line 723.
LaTeX Info: Redefining \Bigg on input line 724.
\big@size=\dimen166
LaTeX Font Info:    Redeclaring font encoding OML on input line 742.
LaTeX Font Info:    Redeclaring font encoding OMS on input line 743.
\macc@depth=\count297
LaTeX Info: Redefining \bmod on input line 904.
LaTeX Info: Redefining \pmod on input line 909.
LaTeX Info: Redefining \smash on input line 939.
LaTeX Info: Redefining \relbar on input line 969.
LaTeX Info: Redefining \Relbar on input line 970.
\c@MaxMatrixCols=\count298
\dotsspace@=\muskip17
\c@parentequation=\count299
\dspbrk@lvl=\count300
\tag@help=\toks23
\row@=\count301
\column@=\count302
\maxfields@=\count303
\andhelp@=\toks24
\eqnshift@=\dimen167
\alignsep@=\dimen168
\tagshift@=\dimen169
\tagwidth@=\dimen170
\totwidth@=\dimen171
\lineht@=\dimen172
\@envbody=\toks25
\multlinegap=\skip72
\multlinetaggap=\skip73
\mathdisplay@stack=\toks26
LaTeX Info: Redefining \[ on input line 2965.
LaTeX Info: Redefining \] on input line 2966.
)
(/data/data/com.termux/files/usr/share/texlive/2026/texmf-dist/tex/latex/l3back
end/l3backend-pdftex.def
File: l3backend-pdftex.def 2026-02-18 L3 backend support: PDF output (pdfTeX)
\l__color_backend_stack_int=\count304
) (./7segdisp_gate_document.aux)
\openout1 = `7segdisp_gate_document.aux'.

LaTeX Font Info:    Checking defaults for OML/cmm/m/it on input line 12.
LaTeX Font Info:    ... okay on input line 12.
LaTeX Font Info:    Checking defaults for OMS/cmsy/m/n on input line 12.
LaTeX Font Info:    ... okay on input line 12.
LaTeX Font Info:    Checking defaults for OT1/cmr/m/n on input line 12.
LaTeX Font Info:    ... okay on input line 12.
LaTeX Font Info:    Checking defaults for T1/cmr/m/n on input line 12.
LaTeX Font Info:    ... okay on input line 12.
LaTeX Font Info:    Checking defaults for TS1/cmr/m/n on input line 12.
LaTeX Font Info:    ... okay on input line 12.
LaTeX Font Info:    Checking defaults for OMX/cmex/m/n on input line 12.
LaTeX Font Info:    ... okay on input line 12.
LaTeX Font Info:    Checking defaults for U/cmr/m/n on input line 12.
LaTeX Font Info:    ... okay on input line 12.

(/data/data/com.termux/files/usr/share/texlive/2026/texmf-dist/tex/context/base
/mkii/supp-pdf.mkii
[Loading MPS to PDF converter (version 2006.09.02).]
\scratchcounter=\count305
\scratchdimen=\dimen173
\scratchbox=\box62
\nofMPsegments=\count306
\nofMParguments=\count307
\everyMPshowfont=\toks27
\MPscratchCnt=\count308
\MPscratchDim=\dimen174
\MPnumerator=\count309
\makeMPintoPDFobject=\count310
\everyMPtoPDFconversion=\toks28
)
(/data/data/com.termux/files/usr/share/texlive/2026/texmf-dist/tex/latex/epstop
df-pkg/epstopdf-base.sty
Package: epstopdf-base 2020-01-24 v2.11 Base part for package epstopdf

(/data/data/com.termux/files/usr/share/texlive/2026/texmf-dist/tex/generic/infw
arerr/infwarerr.sty
Package: infwarerr 2019/12/03 v1.5 Providing info/warning/error messages (HO)
)
(/data/data/com.termux/files/usr/share/texlive/2026/texmf-dist/tex/latex/grfext
/grfext.sty
Package: grfext 2019/12/03 v1.3 Manage graphics extensions (HO)

(/data/data/com.termux/files/usr/share/texlive/2026/texmf-dist/tex/generic/kvde
finekeys/kvdefinekeys.sty
Package: kvdefinekeys 2019-12-19 v1.6 Define keys (HO)
))
(/data/data/com.termux/files/usr/share/texlive/2026/texmf-dist/tex/latex/kvopti
ons/kvoptions.sty
Package: kvoptions 2022-06-15 v3.15 Key value format for package options (HO)

(/data/data/com.termux/files/usr/share/texlive/2026/texmf-dist/tex/generic/ltxc
mds/ltxcmds.sty
Package: ltxcmds 2023-12-04 v1.26 LaTeX kernel commands for general use (HO)
)
(/data/data/com.termux/files/usr/share/texlive/2026/texmf-dist/tex/latex/kvsetk
eys/kvsetkeys.sty
Package: kvsetkeys 2022-10-05 v1.19 Key value parser (HO)
))
(/data/data/com.termux/files/usr/share/texlive/2026/texmf-dist/tex/generic/pdft
excmds/pdftexcmds.sty
Package: pdftexcmds 2020-06-27 v0.33 Utility functions of pdfTeX for LuaTeX (HO
)
Package pdftexcmds Info: \pdf@primitive is available.
Package pdftexcmds Info: \pdf@ifprimitive is available.
Package pdftexcmds Info: \pdfdraftmode found.
)
Package epstopdf-base Info: Redefining graphics rule for `.eps' on input line 4
85.
Package grfext Info: Graphics extension search list:
(grfext)             [.pdf,.png,.jpg,.mps,.jpeg,.jbig2,.jb2,.PDF,.PNG,.JPG,.JPE
G,.JBIG2,.JB2,.eps]
(grfext)             \AppendGraphicsExtensions on input line 504.

(/data/data/com.termux/files/usr/share/texlive/2026/texmf-dist/tex/latex/latexc
onfig/epstopdf-sys.cfg
File: epstopdf-sys.cfg 2010/07/13 v1.3 Configuration of (r)epstopdf for TeX Liv
e
))
*geometry* driver: auto-detecting
*geometry* detected driver: pdftex
*geometry* verbose mode - [ preamble ] result:
* driver: pdftex
* paper: a4paper
* layout: <same size as paper>
* layoutoffset:(h,v)=(0.0pt,0.0pt)
* modes: 
* h-part:(L,W,R)=(72.26999pt, 452.9679pt, 72.26999pt)
* v-part:(T,H,B)=(72.26999pt, 700.50687pt, 72.26999pt)
* \paperwidth=597.50787pt
* \paperheight=845.04684pt
* \textwidth=452.9679pt
* \textheight=700.50687pt
* \oddsidemargin=0.0pt
* \evensidemargin=0.0pt
* \topmargin=-37.0pt
* \headheight=65.0pt
* \headsep=25.0pt
* \topskip=12.0pt
* \footskip=30.0pt
* \marginparwidth=35.0pt
* \marginparsep=10.0pt
* \columnsep=10.0pt
* \skip\footins=10.8pt plus 4.0pt minus 2.0pt
* \hoffset=0.0pt
* \voffset=0.0pt
* \mag=1000
* \@twocolumnfalse
* \@twosidefalse
* \@mparswitchfalse
* \@reversemarginfalse
* (1in=72.27pt=25.4mm, 1cm=28.453pt)

<IN 2011 16-fpga.png, id=1, 587.796pt x 139.11975pt>
File: IN 2011 16-fpga.png Graphic file (type png)
<use IN 2011 16-fpga.png>
Package pdftex.def Info: IN 2011 16-fpga.png  used on input line 29.
(pdftex.def)             Requested size: 452.97205pt x 142.27386pt.
<IIITB-COMET-Logo.png, id=3, 240.9pt x 75.6426pt>
File: IIITB-COMET-Logo.png Graphic file (type png)
<use IIITB-COMET-Logo.png>
Package pdftex.def Info: IIITB-COMET-Logo.png  used on input line 79.
(pdftex.def)             Requested size: 135.92128pt x 42.67912pt.
[1{/data/data/com.termux/files/usr/share/texlive/2026/texmf-var/fonts/map/pdfte
x/updmap/pdftex.map}

 <./IIITB-COMET-Logo.png> <./IN 2011 16-fpga.png>] [2]
Overfull \hbox (20.4879pt too wide) in paragraph at lines 180--207
 [] 
 []

! Missing $ inserted.
<inserted text> 
                $
l.214 ...e Verilog source file \texttt{lcd_task.v}
                                                   and the constraint file \...

? 
! Extra }, or forgotten $.
<recently read> \egroup 
                        
l.214 ...e Verilog source file \texttt{lcd_task.v}
                                                   and the constraint file \...

? 
! Missing $ inserted.
<inserted text> 
                $
l.214 ...the constraint file \texttt{lcd_task.pcf}
                                                   in the working directory.
? 
! Extra }, or forgotten $.
\textdef@ ...th {#1}\let \f@size #2\selectfont #3}
                                                  }
l.214 ...the constraint file \texttt{lcd_task.pcf}
                                                   in the working directory.
? 
! Extra }, or forgotten $.
\textdef@ ...h {#1}\let \f@size #2\selectfont #3}}
                                                  
l.214 ...the constraint file \texttt{lcd_task.pcf}
                                                   in the working directory.
? 
! Extra }, or forgotten $.
\text@ ...e {\textdef@ \displaystyle \f@size {#1}}
                                                  {\textdef@ \textstyle \f@s...
l.214 ...the constraint file \texttt{lcd_task.pcf}
                                                   in the working directory.
? 
! Missing $ inserted.
<inserted text> 
                $
l.214 ...the constraint file \texttt{lcd_task.pcf}
                                                   in the working directory.
? 
! Extra }, or forgotten $.
\textdef@ ...th {#1}\let \f@size #2\selectfont #3}
                                                  }
l.214 ...the constraint file \texttt{lcd_task.pcf}
                                                   in the working directory.
? 
! Extra }, or forgotten $.
\textdef@ ...h {#1}\let \f@size #2\selectfont #3}}
                                                  
l.214 ...the constraint file \texttt{lcd_task.pcf}
                                                   in the working directory.
? 
! Extra }, or forgotten $.
\text@ ...xtstyle \f@size {\firstchoice@false #1}}
                                                  {\textdef@ \textstyle \sf@...
l.214 ...the constraint file \texttt{lcd_task.pcf}
                                                   in the working directory.
? 
! Missing $ inserted.
<inserted text> 
                $
l.214 ...the constraint file \texttt{lcd_task.pcf}
                                                   in the working directory.
? 
! Extra }, or forgotten $.
\textdef@ ...th {#1}\let \f@size #2\selectfont #3}
                                                  }
l.214 ...the constraint file \texttt{lcd_task.pcf}
                                                   in the working directory.
? 
! Extra }, or forgotten $.
\textdef@ ...h {#1}\let \f@size #2\selectfont #3}}
                                                  
l.214 ...the constraint file \texttt{lcd_task.pcf}
                                                   in the working directory.
? 
! Extra }, or forgotten $.
\text@ ...tstyle \sf@size {\firstchoice@false #1}}
                                                  {\textdef@ \textstyle \ssf...
l.214 ...the constraint file \texttt{lcd_task.pcf}
                                                   in the working directory.
? 
! Missing $ inserted.
<inserted text> 
                $
l.214 ...the constraint file \texttt{lcd_task.pcf}
                                                   in the working directory.
? 
! Extra }, or forgotten $.
\textdef@ ...th {#1}\let \f@size #2\selectfont #3}
                                                  }
l.214 ...the constraint file \texttt{lcd_task.pcf}
                                                   in the working directory.
? 
! Extra }, or forgotten $.
\textdef@ ...h {#1}\let \f@size #2\selectfont #3}}
                                                  
l.214 ...the constraint file \texttt{lcd_task.pcf}
                                                   in the working directory.
? 
! Extra }, or forgotten $.
\text@ ...style \ssf@size {\firstchoice@false #1}}
                                                  \check@mathfonts }
l.214 ...the constraint file \texttt{lcd_task.pcf}
                                                   in the working directory.
? 
! Extra }, or forgotten $.
\text@ ...firstchoice@false #1}}\check@mathfonts }
                                                  
l.214 ...the constraint file \texttt{lcd_task.pcf}
                                                   in the working directory.
? 
! Missing $ inserted.
<inserted text> 
                $
l.215 
      
? 
! Missing } inserted.
<inserted text> 
                }
l.215 
      
? 
! Missing } inserted.
<inserted text> 
                }
l.216 \item C
             ompile the design using the QL SymbiFlow toolchain
? 
! Missing $ inserted.
<inserted text> 
                $
l.216 \item C
             ompile the design using the QL SymbiFlow toolchain
? 
! Missing } inserted.
<inserted text> 
                }
l.216 \item C
             ompile the design using the QL SymbiFlow toolchain
? 
! Missing } inserted.
<inserted text> 
                }
l.216 \item C
             ompile the design using the QL SymbiFlow toolchain
? 
! Missing } inserted.
<inserted text> 
                }
l.216 \item C
             ompile the design using the QL SymbiFlow toolchain
? 
! Missing $ inserted.
<inserted text> 
                $
l.216 \item C
             ompile the design using the QL SymbiFlow toolchain
? 
! Missing } inserted.
<inserted text> 
                }
l.216 \item C
             ompile the design using the QL SymbiFlow toolchain
? 
! Missing } inserted.
<inserted text> 
                }
l.216 \item C
             ompile the design using the QL SymbiFlow toolchain
? 
! Missing } inserted.
<inserted text> 
                }
l.216 \item C
             ompile the design using the QL SymbiFlow toolchain
? 
! Missing $ inserted.
<inserted text> 
                $
l.216 \item C
             ompile the design using the QL SymbiFlow toolchain
? 
! Missing } inserted.
<inserted text> 
                }
l.216 \item C
             ompile the design using the QL SymbiFlow toolchain
? 
! Missing } inserted.
<inserted text> 
                }
l.216 \item C
             ompile the design using the QL SymbiFlow toolchain
? 
! Missing } inserted.
<inserted text> 
                }
l.216 \item C
             ompile the design using the QL SymbiFlow toolchain
? 
! Missing $ inserted.
<inserted text> 
                $
l.216 \item C
             ompile the design using the QL SymbiFlow toolchain
? 
! Missing } inserted.
<inserted text> 
                }
l.216 \item C
             ompile the design using the QL SymbiFlow toolchain
? 
! Missing { inserted.
<to be read again> 
                   $
l.216 \item C
             ompile the design using the QL SymbiFlow toolchain
? 
! Missing } inserted.
<inserted text> 
                }
l.216 \item C
             ompile the design using the QL SymbiFlow toolchain
? 
! Missing { inserted.
<to be read again> 
                   $
l.216 \item C
             ompile the design using the QL SymbiFlow toolchain
? 
! Missing } inserted.
<inserted text> 
                }
l.216 \item C
             ompile the design using the QL SymbiFlow toolchain
? 
! Missing { inserted.
<to be read again> 
                   $
l.216 \item C
             ompile the design using the QL SymbiFlow toolchain
? 
! Missing } inserted.
<inserted text> 
                }
l.216 \item C
             ompile the design using the QL SymbiFlow toolchain
? 
! Missing } inserted.
<inserted text> 
                }
l.216 \item C
             ompile the design using the QL SymbiFlow toolchain
? 

Overfull \hbox (21.00702pt too wide) in paragraph at lines 227--228
[]\OT1/cmtt/m/n/12 After successful compilation, the bitstream file is generate
d inside the
 []

[3]
Overfull \hbox (14.83202pt too wide) in paragraph at lines 239--240
[]\OT1/cmtt/m/n/12 Copy the generated .bin file to the computer where the FPGA 
programming
 []


Overfull \hbox (8.65701pt too wide) in paragraph at lines 241--242
[]\OT1/cmtt/m/n/12 Open a terminal and navigate to the directory containing the
 generated
 []


Overfull \hbox (14.83202pt too wide) in paragraph at lines 247--248
[]\OT1/cmtt/m/n/12 Put the Pygmy FPGA board into Flash Mode and connect it to t
he computer
 []


Overfull \hbox (64.23204pt too wide) in paragraph at lines 255--256
[]\OT1/cmtt/m/n/12 If the device is detected, information about the serial port
 will be displayed. 
 []


Overfull \hbox (27.18202pt too wide) in paragraph at lines 270--271
[]\OT1/cmtt/m/n/12 Observe the output on the hardware and verify the expected f
unctionality. 
 []

! Missing } inserted.
<inserted text> 
                }
l.272 \end{enumerate}
                     
? 

LaTeX Warning: Reference `fig:output' on page 4 undefined on input line 279.

<7seg_lcd display output.jpeg, id=24, 869.2475pt x 727.71875pt>
File: 7seg_lcd display output.jpeg Graphic file (type jpg)
<use 7seg_lcd display output.jpeg>
Package pdftex.def Info: 7seg_lcd display output.jpeg  used on input line 284.
(pdftex.def)             Requested size: 226.48395pt x 189.60216pt.

LaTeX Warning: `h' float specifier changed to `ht'.

[4] [5 <./7seg_lcd display output.jpeg>] (./7segdisp_gate_document.aux)
 ***********
LaTeX2e <2026-06-01>
L3 programming layer <2026-06-18>
 ***********


LaTeX Warning: There were undefined references.


LaTeX Warning: Label(s) may have changed. Rerun to get cross-references right.

 ) 
Here is how much of TeX's memory you used:
 4137 strings out of 467168
 67953 string characters out of 5395179
 501441 words of memory out of 5000000
 33360 multiletter control sequences out of 15000+600000
 633381 words of font info for 61 fonts, out of 8000000 for 9000
 1141 hyphenation exceptions out of 8191
 59i,17n,67p,347b,484s stack positions out of 10000i,1000n,20000p,200000b,200000s
</data/data/com.termux/files/usr/share/texlive/2026/texmf-dist/fonts/type1/pu
blic/amsfonts/cm/cmbx12.pfb></data/data/com.termux/files/usr/share/texlive/2026
/texmf-dist/fonts/type1/public/amsfonts/cm/cmmi12.pfb></data/data/com.termux/fi
les/usr/share/texlive/2026/texmf-dist/fonts/type1/public/amsfonts/cm/cmmi8.pfb>
</data/data/com.termux/files/usr/share/texlive/2026/texmf-dist/fonts/type1/publ
ic/amsfonts/cm/cmr12.pfb></data/data/com.termux/files/usr/share/texlive/2026/te
xmf-dist/fonts/type1/public/amsfonts/cm/cmr8.pfb></data/data/com.termux/files/u
sr/share/texlive/2026/texmf-dist/fonts/type1/public/amsfonts/cm/cmsy10.pfb></da
ta/data/com.termux/files/usr/share/texlive/2026/texmf-dist/fonts/type1/public/a
msfonts/cm/cmtt12.pfb>
Output written on 7segdisp_gate_document.pdf (5 pages, 231326 bytes).
PDF statistics:
 61 PDF objects out of 1000 (max. 8388607)
 34 compressed objects within 1 object stream
 0 named destinations out of 1000 (max. 500000)
 16 words of extra memory for PDF output out of 10000 (max. 10000000)

