VPR FPGA Placement and Routing.
Version: 8.1.0-dev+dadca7ecf-dirty
Revision: v8.0.0-rc2-2909-gdadca7ecf-dirty
Compiled: 2026-06-23T18:59:19
Compiler: GNU 9.5.0 on Linux-6.17.0-PRoot-Distro aarch64
Build Info: Release IPO VTR_ASSERT_LEVEL=2

University of Toronto
verilogtorouting.org
vtr-users@googlegroups.com
This is free open source code under MIT license.

VPR was run with the following command-line:
vpr /root/symbiflow/quicklogic-arch-defs/share/arch/ql-eos-s3_wlcsp/arch.timing.xml top.eblif --device ql-eos-s3 --max_router_iterations 500 --routing_failure_predictor off --router_high_fanout_threshold -1 --constant_net_method route --route_chan_width 100 --clock_modeling route --place_delay_model delta_override --router_lookahead map --check_route quick --strict_checks off --allow_dangling_combinational_nodes on --disable_errors check_unbuffered_edges:check_route --congested_routing_iteration_threshold 0.8 --incremental_reroute_delay_ripup off --base_cost_type delay_normalized_length_bounded --bb_factor 10 --initial_pres_fac 4.0 --check_rr_graph off --suppress_warnings ,sum_pin_class:check_unbuffered_edges:load_rr_indexed_data_T_values:check_rr_node:trans_per_R:check_route:set_rr_graph_tool_comment:warn_model_missing_timing --read_rr_graph /root/symbiflow/quicklogic-arch-defs/share/arch/ql-eos-s3_wlcsp/rr_graph_ql-eos-s3_wlcsp.rr_graph.real.bin --read_placement_delay_lookup /root/symbiflow/quicklogic-arch-defs/share/arch/ql-eos-s3_wlcsp/rr_graph_ql-eos-s3_wlcsp.place_delay.bin --sdc_file /root/pygmy-dev/pygmy-sdk/fpga/gate_task/7seg_ad/build/top_dummy.sdc --fix_clusters top_constraints.place --place


Architecture file: /root/symbiflow/quicklogic-arch-defs/share/arch/ql-eos-s3_wlcsp/arch.timing.xml
Circuit name: top

# Loading Architecture Description
# Loading Architecture Description took 1.81 seconds (max_rss 26.9 MiB, delta_rss +23.5 MiB)
# Building complex block graph
# Building complex block graph took 0.49 seconds (max_rss 33.7 MiB, delta_rss +6.8 MiB)
# Load circuit
# Load circuit took 0.00 seconds (max_rss 33.7 MiB, delta_rss +0.0 MiB)
# Clean circuit
Absorbed 7 LUT buffers
Inferred    3 additional primitive pins as constant generators since they have no combinationally connected inputs
Inferred    3 additional primitive pins as constant generators due to constant inputs
Inferred    0 additional primitive pins as constant generators since they have no combinationally connected inputs
Inferred    0 additional primitive pins as constant generators due to constant inputs
Inferred    0 additional primitive pins as constant generators since they have no combinationally connected inputs
Inferred    0 additional primitive pins as constant generators due to constant inputs
Swept input(s)      : 0
Swept output(s)     : 0 (0 dangling, 0 constant)
Swept net(s)        : 1
Swept block(s)      : 1
Constant Pins Marked: 6
# Clean circuit took 0.00 seconds (max_rss 33.7 MiB, delta_rss +0.0 MiB)
# Compress circuit
# Compress circuit took 0.00 seconds (max_rss 33.7 MiB, delta_rss +0.0 MiB)
# Verify circuit
# Verify circuit took 0.00 seconds (max_rss 33.7 MiB, delta_rss +0.0 MiB)
Circuit Statistics:
  Blocks: 23
    .input      :       3
    .output     :       7
    BIDIR_CELL  :       4
    GND         :       1
    SDIOMUX_CELL:       6
    T_FRAG      :       1
    VCC         :       1
  Nets  : 16
    Avg Fanout:     2.8
    Max Fanout:    15.0
    Min Fanout:     1.0
  Netlist Clocks: 0
# Build Timing Graph
  Timing Graph Nodes: 60
  Timing Graph Edges: 71
  Timing Graph Levels: 8
# Build Timing Graph took 0.00 seconds (max_rss 33.7 MiB, delta_rss +0.0 MiB)
Netlist contains 0 clocks
# Load Timing Constraints

SDC file '/root/pygmy-dev/pygmy-sdk/fpga/gate_task/7seg_ad/build/top_dummy.sdc' contained no SDC commands
Setting default timing constraints:
   * constrain all primay inputs and primary outputs on a virtual external clock 'virtual_io_clock'
   * optimize virtual clock to run as fast as possible
Timing constraints created 1 clocks
  Constrained Clock 'virtual_io_clock' (Virtual Clock)

# Load Timing Constraints took 0.00 seconds (max_rss 33.7 MiB, delta_rss +0.0 MiB)
Timing analysis: ON
Circuit netlist file: top.net
Circuit placement file: top.place
Circuit routing file: top.route
Circuit SDC file: /root/pygmy-dev/pygmy-sdk/fpga/gate_task/7seg_ad/build/top_dummy.sdc

Packer: ENABLED
Placer: ENABLED
Router: DISABLED
Analysis: DISABLED

NetlistOpts.abosrb_buffer_luts            : true
NetlistOpts.sweep_dangling_primary_ios    : true
NetlistOpts.sweep_dangling_nets           : true
NetlistOpts.sweep_dangling_blocks         : true
NetlistOpts.sweep_constant_primary_outputs: false
NetlistOpts.netlist_verbosity             : 1
NetlistOpts.const_gen_inference           : COMB_SEQ

PackerOpts.allow_unrelated_clustering: auto
PackerOpts.alpha_clustering: 0.750000
PackerOpts.beta_clustering: 0.900000
PackerOpts.cluster_seed_type: BLEND2
PackerOpts.connection_driven: true
PackerOpts.global_clocks: true
PackerOpts.hill_climbing_flag: false
PackerOpts.inter_cluster_net_delay: 1.000000
PackerOpts.timing_driven: true
PackerOpts.target_external_pin_util: auto

PlacerOpts.place_freq: PLACE_ONCE
PlacerOpts.place_algorithm: CRITICALITY_TIMING_PLACE
PlacerOpts.pad_loc_type: FREE
PlacerOpts.constraints_file: Using constraints file 'top_constraints.place'
PlacerOpts.place_cost_exp: 1.000000
PlacerOpts.place_chan_width: 100
PlacerOpts.inner_loop_recompute_divider: 0
PlacerOpts.recompute_crit_iter: 1
PlacerOpts.timing_tradeoff: 0.500000
PlacerOpts.td_place_exp_first: 1.000000
PlacerOpts.td_place_exp_last: 8.000000
PlacerOpts.delay_offset: 0.000000
PlacerOpts.delay_ramp_delta_threshold: -1
PlacerOpts.delay_ramp_slope: 0.000000
PlacerOpts.tsu_rel_margin: 1.000000
PlacerOpts.tsu_abs_margin: 0.000000
PlacerOpts.post_place_timing_report_file: 
PlacerOpts.allowed_tiles_for_delay_model: 
PlacerOpts.delay_model_reducer: MIN
PlacerOpts.delay_model_type: DELTA_OVERRIDE
PlacerOpts.rlim_escape_fraction: 0.000000
PlacerOpts.move_stats_file: 
PlacerOpts.placement_saves_per_temperature: 0
PlacerOpts.effort_scaling: CIRCUIT
PlacerOpts.place_delta_delay_matrix_calculation_method: ASTAR_ROUTE
PlaceOpts.seed: 1
AnnealSched.type: AUTO_SCHED
AnnealSched.inner_num: 1.000000

RoutingArch.directionality: BI_DIRECTIONAL
RoutingArch.switch_block_type: WILTON
RoutingArch.Fs: 3

# Load Packing
Begin loading packed FPGA netlist file.
Netlist generated from file 'top.net'.
Detected 2 constant generators (to see names run with higher pack verbosity)
Finished loading packed FPGA netlist file (took 0.024593 seconds).
# Load Packing took 0.03 seconds (max_rss 33.9 MiB, delta_rss +0.2 MiB)
Warning 1: Netlist contains 0 global net to non-global architecture pin connections
Warning 2: Logic block #11 ($false) has only 1 output pin '$false.GND0_GND[0]'. It may be a constant generator.
Warning 3: Logic block #12 ($true) has only 1 output pin '$true.VCC0_VCC[0]'. It may be a constant generator.

Netlist num_nets: 6
Netlist num_blocks: 13
Netlist EMPTY blocks: 0.
Netlist PB-GMUX blocks: 0.
Netlist PB-LOGIC blocks: 1.
Netlist PB-CLOCK blocks: 0.
Netlist PB-MULT blocks: 0.
Netlist PB-SDIOMUX blocks: 6.
Netlist PB-RAM blocks: 0.
Netlist PB-SYN_VCC blocks: 1.
Netlist PB-BIDIR blocks: 4.
Netlist PB-SYN_GND blocks: 1.
Netlist PB-ASSP blocks: 0.
Netlist inputs pins: 3
Netlist output pins: 27


Pb types usage...
  PB-LOGIC          : 1
   LOGIC            : 1
    FRAGS           : 1
     c_frag_modes   : 1
      SPLIT         : 1
       b_frag       : 1
  PB-SDIOMUX        : 6
   SDIOMUX          : 6
    INPUT           : 3
     inpad          : 3
     sdiomux        : 3
    OUTPUT          : 3
     outpad         : 3
     sdiomux        : 3
  PB-SYN_VCC        : 1
   VCC              : 1
  PB-BIDIR          : 4
   BIDIR            : 4
    OUTPUT          : 4
     bidir          : 4
     outpad         : 4
  PB-SYN_GND        : 1
   GND              : 1

# Create Device
## Build Device Grid
FPGA sized to 39 x 35: 1365 grid tiles (ql-eos-s3)

Resource usage...
	Netlist
		0	blocks of type: PB-GMUX
	Architecture
		5	blocks of type: TL-GMUX
	Netlist
		1	blocks of type: PB-LOGIC
	Architecture
		891	blocks of type: TL-LOGIC
	Netlist
		0	blocks of type: PB-CLOCK
	Architecture
		5	blocks of type: TL-CLOCK
	Netlist
		0	blocks of type: PB-MULT
	Architecture
		2	blocks of type: TL-MULT
	Netlist
		6	blocks of type: PB-SDIOMUX
	Architecture
		14	blocks of type: TL-SDIOMUX
	Netlist
		0	blocks of type: PB-RAM
	Architecture
		4	blocks of type: TL-RAM
	Netlist
		1	blocks of type: PB-SYN_VCC
	Architecture
		1	blocks of type: TL-SYN_VCC
	Netlist
		4	blocks of type: PB-BIDIR
	Architecture
		32	blocks of type: TL-BIDIR
	Netlist
		1	blocks of type: PB-SYN_GND
	Architecture
		1	blocks of type: TL-SYN_GND
	Netlist
		0	blocks of type: PB-ASSP
	Architecture
		1	blocks of type: TL-ASSP

Device Utilization: 0.01 (target 1.00)
	Physical Tile TL-LOGIC:
	Block Utilization: 0.00 Logical Block: PB-LOGIC
	Physical Tile TL-RAM:
	Block Utilization: 0.00 Logical Block: PB-RAM
	Physical Tile TL-MULT:
	Block Utilization: 0.00 Logical Block: PB-MULT
	Physical Tile TL-BIDIR:
	Block Utilization: 0.12 Logical Block: PB-BIDIR
	Physical Tile TL-CLOCK:
	Block Utilization: 0.00 Logical Block: PB-CLOCK
	Physical Tile TL-SDIOMUX:
	Block Utilization: 0.43 Logical Block: PB-SDIOMUX
	Physical Tile TL-GMUX:
	Block Utilization: 0.00 Logical Block: PB-GMUX
	Physical Tile TL-ASSP:
	Block Utilization: 0.00 Logical Block: PB-ASSP
	Physical Tile TL-SYN_VCC:
	Block Utilization: 1.00 Logical Block: PB-SYN_VCC
	Physical Tile TL-SYN_GND:
	Block Utilization: 1.00 Logical Block: PB-SYN_GND

## Build Device Grid took 0.02 seconds (max_rss 34.1 MiB, delta_rss +0.0 MiB)
## Loading routing resource graph



Warning 4: This architecture version is for VPR 8.1.0-dev+dadca7ecf-dirty while your current VPR version is 8.1.0-dev+dadca7ecf compatability issues may arise

## Loading routing resource graph took 2.88 seconds (max_rss 341.9 MiB, delta_rss +307.9 MiB)
  RR Graph Nodes: 1396446
  RR Graph Edges: 2337988
# Create Device took 8.22 seconds (max_rss 389.4 MiB, delta_rss +355.4 MiB)

# Computing router lookahead map
## Computing wire lookahead
Warning 5: Unable to find any sample location for segment CHANX type 'generic' (length 1)
Warning 6: Unable to find any sample location for segment CHANY type 'generic' (length 1)
Warning 7: Unable to find any sample location for segment CHANX type 'pad' (length 1)
Warning 8: Unable to find any sample location for segment CHANY type 'pad' (length 1)
## Computing wire lookahead took 47.66 seconds (max_rss 389.4 MiB, delta_rss +0.0 MiB)
## Computing src/opin lookahead
## Computing src/opin lookahead took 0.00 seconds (max_rss 389.4 MiB, delta_rss +0.0 MiB)
# Computing router lookahead map took 47.66 seconds (max_rss 389.4 MiB, delta_rss +0.0 MiB)
# Placement
## Computing placement delta delay look-up
  RR Graph Nodes: 1396446
  RR Graph Edges: 2337988
## Computing placement delta delay look-up took 3.99 seconds (max_rss 447.5 MiB, delta_rss +58.0 MiB)
Warning 9: CHANX place cost fac is 0 at 2 2
Warning 10: CHANX place cost fac is 0 at 34 34
Warning 11: CHANY place cost fac is 0 at 38 38
## Initial Placement
Reading top_constraints.place.

Successfully read top_constraints.place.

## Initial Placement took 0.00 seconds (max_rss 447.5 MiB, delta_rss +0.0 MiB)

There are 34 point to point connections in this circuit.


BB estimate of min-dist (placement) wire length: 312

Completed placement consistency check successfully.
Initial placement cost: 1 bb_cost: 0.477791 td_cost: 9.19847e-08
Initial placement estimated Critical Path Delay (CPD): 48.3041 ns
Initial placement estimated setup Total Negative Slack (sTNS): -186.233 ns
Initial placement estimated setup Worst Negative Slack (sWNS): -48.3041 ns

Initial placement estimated setup slack histogram:
[ -4.8e-08: -4.8e-08) 1 ( 25.0%) |**************************************************
[ -4.8e-08: -4.8e-08) 0 (  0.0%) |
[ -4.8e-08: -4.7e-08) 0 (  0.0%) |
[ -4.7e-08: -4.7e-08) 0 (  0.0%) |
[ -4.7e-08: -4.7e-08) 0 (  0.0%) |
[ -4.7e-08: -4.6e-08) 1 ( 25.0%) |**************************************************
[ -4.6e-08: -4.6e-08) 0 (  0.0%) |
[ -4.6e-08: -4.6e-08) 1 ( 25.0%) |**************************************************
[ -4.6e-08: -4.6e-08) 0 (  0.0%) |
[ -4.6e-08: -4.5e-08) 1 ( 25.0%) |**************************************************
Placement contains 0 placement macros involving 0 blocks (average macro size nan)

Moves per temperature: 30
Warning 12: Starting t: 2 of 13 configurations accepted.

---- ------ ------- ------- ---------- ---------- ------- ---------- -------- ------- ------- ------ -------- --------- ------
Tnum   Time       T Av Cost Av BB Cost Av TD Cost     CPD       sTNS     sWNS Ac Rate Std Dev  R lim Crit Exp Tot Moves  Alpha
      (sec)                                          (ns)       (ns)     (ns)                                                 
---- ------ ------- ------- ---------- ---------- ------- ---------- -------- ------- ------- ------ -------- --------- ------
   1    0.0 9.6e+00   0.731       0.49 9.3883e-08  55.179       -218  -55.179   0.367  0.1560   38.0     1.00        30  0.200
   2    0.0 9.1e+00   1.048       0.51 9.2237e-08  48.572       -189  -48.572   0.500  0.2441   35.2     1.53        60  0.950
   3    0.0 8.7e+00   0.911       0.43 7.9705e-08  47.319       -186  -47.319   0.133  0.1808   37.3     1.13        90  0.950
   4    0.0 8.2e+00   0.793       0.43 7.2578e-08  48.896       -192  -48.896   0.300  0.2727   25.9     3.29       120  0.950
   5    0.0 7.8e+00   1.385       0.46 8.219e-08   39.216       -154  -39.216   0.267  0.4066   22.3     3.98       150  0.950
   6    0.0 7.4e+00   1.433       0.49 9.0766e-08  40.444       -157  -40.444   0.400  0.3032   18.4     4.71       180  0.950
   7    0.0 7.0e+00   0.947       0.58 1.1785e-07  54.810       -218  -54.810   0.167  0.1921   17.7     4.85       210  0.950
   8    0.0 6.7e+00   0.592       0.45 8.1068e-08  59.261       -235  -59.261   0.467  0.1093   12.8     5.76       240  0.950
   9    0.0 6.4e+00   0.912       0.48 8.6297e-08  50.023       -196  -50.023   0.333  0.1661   13.2     5.70       270  0.950
  10    0.0 6.0e+00   1.054       0.43 8.1414e-08  44.961       -178  -44.961   0.400  0.1857   11.8     5.96       300  0.950
  11    0.0 5.7e+00   1.114       0.48 9.3407e-08  46.025       -182  -46.025   0.200  0.1668   11.3     6.05       330  0.950
  12    0.0 5.5e+00   1.153       0.45 8.0358e-08  42.571       -169  -42.571   0.333  0.2487    8.6     6.56       360  0.950
  13    0.0 5.2e+00   0.965       0.50 8.1119e-08  47.180       -183  -47.180   0.433  0.1038    7.7     6.74       390  0.950
  14    0.0 4.9e+00   1.040       0.55 9.476e-08   47.667       -187  -47.667   0.267  0.0959    7.6     6.75       420  0.950
  15    0.0 4.7e+00   1.162       0.54 9.2731e-08  45.335       -179  -45.335   0.333  0.1738    6.3     7.00       450  0.950
  16    0.0 4.4e+00   0.856       0.51 9.5701e-08  53.656       -211  -53.656   0.367  0.1298    5.6     7.12       480  0.950
  17    0.0 4.2e+00   1.203       0.51 9.7458e-08  45.375       -180  -45.375   0.467  0.0947    5.2     7.20       510  0.950
  18    0.0 4.0e+00   1.159       0.51 9.8151e-08  46.079       -181  -46.079   0.367  0.1265    5.4     7.18       540  0.950
  19    0.0 3.8e+00   1.063       0.54 1.0428e-07  50.599       -197  -50.599   0.300  0.1519    5.0     7.25       570  0.950
  20    0.0 3.6e+00   0.914       0.62 1.135e-07   57.391       -226  -57.391   0.267  0.0560    4.3     7.38       600  0.950
  21    0.0 3.4e+00   0.989       0.56 9.3104e-08  49.724       -196  -49.724   0.367  0.0647    3.5     7.52       630  0.950
  22    0.0 3.3e+00   0.880       0.50 8.4616e-08  48.868       -194  -48.868   0.400  0.1097    3.3     7.57       660  0.950
  23    0.0 3.1e+00   1.097       0.51 7.9426e-08  43.644       -172  -43.644   0.433  0.0718    3.1     7.60       690  0.950
  24    0.0 2.9e+00   1.026       0.57 9.4325e-08  47.372       -187  -47.372   0.333  0.0325    3.1     7.60       720  0.950
  25    0.0 2.8e+00   0.994       0.57 8.9761e-08  48.731       -190  -48.731   0.300  0.0274    2.8     7.66       750  0.950
  26    0.0 2.7e+00   1.039       0.58 8.8905e-08  48.480       -187  -48.480   0.167  0.0298    2.4     7.74       780  0.950
  27    0.0 2.5e+00   0.956       0.55 8.798e-08   48.391       -191  -48.391   0.133  0.0214    1.7     7.86       810  0.950
  28    0.0 2.4e+00   1.057       0.56 8.6212e-08  47.180       -183  -47.180   0.333  0.0365    1.2     7.96       840  0.950
  29    0.0 2.3e+00   1.012       0.54 8.6893e-08  46.950       -185  -46.950   0.467  0.0521    1.1     7.99       870  0.950
  30    0.0 2.2e+00   0.952       0.56 9.3775e-08  48.899       -194  -48.899   0.300  0.0354    1.1     7.98       900  0.950
  31    0.0 2.1e+00   0.963       0.54 8.0776e-08  47.963       -188  -47.963   0.233  0.0339    1.0     8.00       930  0.950
  32    0.0 2.0e+00   1.128       0.57 9.1822e-08  45.467       -180  -45.467   0.467  0.0659    1.0     8.00       960  0.950
  33    0.0 1.9e+00   0.955       0.56 9.0515e-08  49.044       -194  -49.044   0.267  0.0394    1.0     7.99       990  0.950
  34    0.0 1.8e+00   0.941       0.50 7.9091e-08  46.868       -184  -46.868   0.300  0.0402    1.0     8.00      1020  0.950
  35    0.0 1.7e+00   0.975       0.48 7.3552e-08  45.040       -177  -45.040   0.233  0.0343    1.0     8.00      1050  0.950
  36    0.0 1.6e+00   0.974       0.48 7.3074e-08  44.834       -177  -44.834   0.333  0.0196    1.0     8.00      1080  0.950
  37    0.0 1.5e+00   0.960       0.47 7.4881e-08  45.122       -178  -45.122   0.267  0.0248    1.0     8.00      1110  0.950
  38    0.0 1.4e+00   0.979       0.45 7.0106e-08  43.976       -172  -43.976   0.200  0.0158    1.0     8.00      1140  0.950
  39    0.0 1.4e+00   1.010       0.46 6.9869e-08  44.331       -174  -44.331   0.300  0.0276    1.0     8.00      1170  0.950
  40    0.0 1.3e+00   0.997       0.46 6.8556e-08  44.331       -174  -44.331   0.333  0.0334    1.0     8.00      1200  0.950
  41    0.0 1.2e+00   1.072       0.46 7.156e-08   43.547       -168  -43.547   0.367  0.0565    1.0     8.00      1230  0.950
  42    0.0 1.2e+00   1.050       0.50 8.5193e-08  45.953       -181  -45.953   0.333  0.0283    1.0     8.00      1260  0.950
  43    0.0 1.1e+00   1.013       0.51 8.9574e-08  47.901       -188  -47.901   0.267  0.0404    1.0     8.00      1290  0.950
  44    0.0 1.1e+00   1.003       0.49 8.4322e-08  46.997       -185  -46.997   0.367  0.0195    1.0     8.00      1320  0.950
  45    0.0 1.0e+00   1.033       0.49 8.3622e-08  45.953       -181  -45.953   0.367  0.0214    1.0     8.00      1350  0.950
  46    0.0 9.5e-01   0.923       0.45 7.1827e-08  46.455       -183  -46.455   0.367  0.0318    1.0     8.00      1380  0.950
  47    0.0 9.1e-01   1.071       0.46 7.9619e-08  43.669       -171  -43.669   0.267  0.0369    1.0     8.00      1410  0.950
  48    0.0 8.6e-01   1.023       0.48 8.9122e-08  46.388       -183  -46.388   0.333  0.0237    1.0     8.00      1440  0.950
  49    0.0 8.2e-01   0.921       0.45 7.2984e-08  48.304       -186  -48.304   0.400  0.0299    1.0     8.00      1470  0.950
  50    0.0 7.8e-01   1.050       0.46 7.6827e-08  44.749       -174  -44.749   0.367  0.0460    1.0     8.00      1500  0.950
  51    0.0 7.4e-01   1.062       0.48 8.8671e-08  45.669       -179  -45.669   0.233  0.0337    1.0     8.00      1530  0.950
  52    0.0 7.0e-01   0.996       0.50 8.7851e-08  50.229       -194  -50.229   0.233  0.0164    1.0     8.00      1560  0.950
  53    0.0 6.7e-01   0.955       0.49 8.3175e-08  50.229       -194  -50.229   0.367  0.0422    1.0     8.00      1590  0.950
  54    0.0 6.3e-01   0.859       0.41 6.4886e-08  46.581       -183  -46.581   0.300  0.1092    1.0     8.00      1620  0.950
  55    0.0 6.0e-01   0.859       0.34 5.0072e-08  40.349       -160  -40.349   0.367  0.0412    1.0     8.00      1650  0.950
  56    0.0 5.7e-01   1.101       0.38 5.7263e-08  39.350       -155  -39.350   0.200  0.0271    1.0     8.00      1680  0.950
  57    0.0 5.4e-01   1.020       0.40 6.0932e-08  40.349       -160  -40.349   0.400  0.0394    1.0     8.00      1710  0.950
  58    0.0 5.2e-01   0.990       0.42 6.381e-08   41.698       -164  -41.698   0.367  0.0216    1.0     8.00      1740  0.950
  59    0.0 4.9e-01   0.976       0.40 6.1723e-08  41.132       -162  -41.132   0.333  0.0395    1.0     8.00      1770  0.950
  60    0.0 4.7e-01   0.972       0.37 5.7357e-08  40.383       -160  -40.383   0.167  0.0254    1.0     8.00      1800  0.950
  61    0.0 4.4e-01   0.885       0.35 4.7845e-08  40.332       -157  -40.332   0.333  0.0505    1.0     8.00      1830  0.950
  62    0.0 4.2e-01   1.041       0.34 4.7317e-08  37.323       -147  -37.323   0.367  0.0519    1.0     8.00      1860  0.950
  63    0.0 4.0e-01   0.877       0.29 3.6958e-08  37.084       -146  -37.084   0.533  0.0401    1.0     8.00      1890  0.950
  64    0.0 3.8e-01   0.901       0.28 3.3607e-08  35.576       -140  -35.576   0.300  0.0437    1.1     7.98      1920  0.950
  65    0.0 3.6e-01   0.995       0.28 3.2906e-08  33.844       -134  -33.844   0.300  0.0206    1.0     8.00      1950  0.950
  66    0.0 3.4e-01   1.017       0.27 3.2068e-08  33.691       -133  -33.691   0.333  0.0585    1.0     8.00      1980  0.950
  67    0.0 3.2e-01   1.115       0.31 4.0693e-08  35.595       -138  -35.595   0.333  0.0313    1.0     8.00      2010  0.950
  68    0.0 3.1e-01   1.015       0.32 4.5729e-08  37.527       -146  -37.527   0.200  0.0435    1.0     8.00      2040  0.950
  69    0.0 2.9e-01   0.980       0.31 4.1184e-08  36.828       -145  -36.828   0.333  0.0467    1.0     8.00      2070  0.950
  70    0.0 2.8e-01   1.009       0.33 4.676e-08   37.522       -147  -37.522   0.333  0.0660    1.0     8.00      2100  0.950
  71    0.0 2.6e-01   0.982       0.34 5.4924e-08  39.235       -155  -39.235   0.333  0.0277    1.0     8.00      2130  0.950
  72    0.0 2.5e-01   1.001       0.34 4.9864e-08  38.290       -151  -38.290   0.233  0.0446    1.0     8.00      2160  0.950
  73    0.0 2.4e-01   0.889       0.32 4.4955e-08  39.505       -155  -39.505   0.333  0.0649    1.0     8.00      2190  0.950
  74    0.0 2.3e-01   0.974       0.29 3.6314e-08  35.351       -139  -35.351   0.200  0.0232    1.0     8.00      2220  0.950
  75    0.0 2.2e-01   1.004       0.29 3.6859e-08  34.647       -137  -34.647   0.233  0.0453    1.0     8.00      2250  0.950
  76    0.0 2.0e-01   0.940       0.27 2.8714e-08  34.891       -137  -34.891   0.233  0.0343    1.0     8.00      2280  0.950
  77    0.0 1.9e-01   0.982       0.27 2.9093e-08  33.910       -133  -33.910   0.433  0.0288    1.0     8.00      2310  0.950
  78    0.0 1.8e-01   1.056       0.27 3.1466e-08  33.093       -131  -33.093   0.200  0.0381    1.0     8.00      2340  0.950
  79    0.0 1.8e-01   1.016       0.28 3.1867e-08  34.842       -135  -34.842   0.133  0.0523    1.0     8.00      2370  0.950
  80    0.0 1.4e-01   1.058       0.29 3.6983e-08  34.814       -137  -34.814   0.367  0.0762    1.0     8.00      2400  0.800
  81    0.0 1.3e-01   0.979       0.28 3.1445e-08  34.562       -135  -34.562   0.233  0.0270    1.0     8.00      2430  0.950
  82    0.0 1.3e-01   1.047       0.29 3.7572e-08  34.469       -137  -34.469   0.300  0.0705    1.0     8.00      2460  0.950
  83    0.0 1.2e-01   0.880       0.29 3.3695e-08  37.001       -143  -37.001   0.200  0.0480    1.0     8.00      2490  0.950
  84    0.0 1.1e-01   0.954       0.28 3.436e-08   34.767       -138  -34.767   0.400  0.0539    1.0     8.00      2520  0.950
  85    0.0 1.1e-01   1.041       0.28 3.2715e-08  33.691       -133  -33.691   0.367  0.0425    1.0     8.00      2550  0.950
  86    0.0 1.0e-01   1.083       0.30 3.9398e-08  35.595       -138  -35.595   0.267  0.0469    1.0     8.00      2580  0.950
  87    0.0 9.8e-02   1.001       0.32 4.5689e-08  36.939       -146  -36.939   0.300  0.0415    1.0     8.00      2610  0.950
  88    0.0 9.3e-02   0.947       0.31 4.1471e-08  37.527       -146  -37.527   0.267  0.0424    1.0     8.00      2640  0.950
  89    0.0 8.8e-02   1.004       0.30 3.8292e-08  36.179       -141  -36.179   0.300  0.0349    1.0     8.00      2670  0.950
  90    0.0 8.4e-02   0.994       0.29 3.6882e-08  34.767       -138  -34.767   0.267  0.0280    1.0     8.00      2700  0.950
  91    0.0 8.0e-02   0.906       0.27 2.9484e-08  34.814       -137  -34.814   0.200  0.0352    1.0     8.00      2730  0.950
  92    0.0 7.6e-02   1.037       0.27 3.0572e-08  33.093       -131  -33.093   0.167  0.0207    1.0     8.00      2760  0.950
  93    0.0 7.2e-02   1.024       0.28 3.0726e-08  33.910       -133  -33.910   0.167  0.0179    1.0     8.00      2790  0.950
  94    0.0 6.8e-02   0.942       0.27 3.0225e-08  33.939       -133  -33.939   0.267  0.0373    1.0     8.00      2820  0.950
  95    0.0 6.5e-02   1.033       0.27 3.0267e-08  33.093       -131  -33.093   0.100  0.0226    1.0     8.00      2850  0.950
  96    0.0 5.2e-02   1.047       0.27 3.2386e-08  32.747       -129  -32.747   0.433  0.0482    1.0     8.00      2880  0.800
  97    0.0 4.9e-02   0.987       0.28 3.1967e-08  33.939       -133  -33.939   0.067  0.0331    1.0     8.00      2910  0.950
  98    0.0 4.0e-02   1.012       0.28 3.1497e-08  33.691       -133  -33.691   0.267  0.0280    1.0     8.00      2940  0.800
  99    0.0 3.8e-02   0.983       0.27 3.0235e-08  33.691       -133  -33.691   0.167  0.0422    1.0     8.00      2970  0.950
 100    0.0 3.6e-02   1.014       0.27 3.0926e-08  32.747       -129  -32.747   0.200  0.0260    1.0     8.00      3000  0.950
 101    0.0 3.4e-02   1.060       0.27 3.156e-08   33.093       -131  -33.093   0.167  0.0397    1.0     8.00      3030  0.950
 102    0.0 3.2e-02   0.916       0.27 2.6965e-08  34.842       -135  -34.842   0.233  0.0181    1.0     8.00      3060  0.950
 103    0.0 3.1e-02   0.990       0.27 2.971e-08   32.747       -129  -32.747   0.100  0.0083    1.0     8.00      3090  0.950
 104    0.0 2.4e-02   1.051       0.27 3.1353e-08  33.093       -131  -33.093   0.033  0.0000    1.0     8.00      3120  0.800
 105    0.0 2.0e-02   0.969       0.27 3.052e-08   33.531       -133  -33.531   0.267  0.0301    1.0     8.00      3150  0.800
 106    0.0 1.9e-02   1.005       0.27 2.8904e-08  33.093       -131  -33.093   0.100  0.0043    1.0     8.00      3180  0.950
 107    0.0 1.5e-02   1.003       0.27 3.0321e-08  32.747       -129  -32.747   0.100  0.0298    1.0     8.00      3210  0.800
 108    0.0 1.2e-02   1.005       0.27 2.8904e-08  33.093       -131  -33.093   0.100  0.0043    1.0     8.00      3240  0.800
 109    0.0 9.5e-03   0.986       0.27 2.9546e-08  32.747       -129  -32.747   0.033  0.0000    1.0     8.00      3270  0.800
 110    0.0 7.6e-03   1.004       0.27 2.8893e-08  33.093       -131  -33.093   0.067  0.0052    1.0     8.00      3300  0.800
 111    0.0 6.1e-03   1.004       0.27 2.8893e-08  33.093       -131  -33.093   0.067  0.0052    1.0     8.00      3330  0.800
 112    0.0 4.9e-03   1.000       0.27 2.8859e-08  33.093       -131  -33.093   0.000  0.0000    1.0     8.00      3360  0.800
 113    0.0 3.9e-03   1.007       0.27 2.8926e-08  33.093       -131  -33.093   0.033  0.0000    1.0     8.00      3390  0.800
 114    0.0 3.1e-03   0.990       0.27 2.971e-08   32.747       -129  -32.747   0.100  0.0083    1.0     8.00      3420  0.800
 115    0.0 2.5e-03   1.000       0.27 2.8859e-08  33.093       -131  -33.093   0.000  0.0000    1.0     8.00      3450  0.800
 116    0.0 2.0e-03   1.000       0.27 2.8859e-08  33.093       -131  -33.093   0.000  0.0000    1.0     8.00      3480  0.800
 117    0.0 1.6e-03   1.000       0.27 2.8859e-08  33.093       -131  -33.093   0.000  0.0000    1.0     8.00      3510  0.800
 118    0.0 1.3e-03   1.000       0.27 2.8859e-08  33.093       -131  -33.093   0.000  0.0000    1.0     8.00      3540  0.800
 119    0.0 1.0e-03   1.000       0.27 2.8859e-08  33.093       -131  -33.093   0.000  0.0000    1.0     8.00      3570  0.800
 120    0.0 0.0e+00   1.000       0.27 2.8859e-08  33.093       -131  -33.093   0.000  0.0000    1.0     8.00      3600  0.800
## Placement Quench took 0.00 seconds (max_rss 447.5 MiB)

BB estimate of min-dist (placement) wire length: 160

Completed placement consistency check successfully.

Swaps called: 3613

Aborted Move Reasons:
  No moves aborted

Placement estimated critical path delay (least slack): 33.0932 ns, Fmax: 30.2177 MHz
Placement estimated setup Worst Negative Slack (sWNS): -33.0932 ns
Placement estimated setup Total Negative Slack (sTNS): -131.088 ns

Placement estimated setup slack histogram:
[ -3.3e-08: -3.3e-08) 2 ( 50.0%) |*************************************************
[ -3.3e-08: -3.3e-08) 1 ( 25.0%) |*************************
[ -3.3e-08: -3.3e-08) 0 (  0.0%) |
[ -3.3e-08: -3.3e-08) 0 (  0.0%) |
[ -3.3e-08: -3.3e-08) 0 (  0.0%) |
[ -3.3e-08: -3.2e-08) 0 (  0.0%) |
[ -3.2e-08: -3.2e-08) 0 (  0.0%) |
[ -3.2e-08: -3.2e-08) 0 (  0.0%) |
[ -3.2e-08: -3.2e-08) 0 (  0.0%) |
[ -3.2e-08: -3.2e-08) 1 ( 25.0%) |*************************

Placement estimated geomean non-virtual intra-domain period: nan ns (nan MHz)
Placement estimated fanout-weighted geomean non-virtual intra-domain period: nan ns (nan MHz)

Placement cost: 1, bb_cost: 0.265121, td_cost: 2.8859e-08, 

Placement resource usage:
  PB-LOGIC   implemented as TL-LOGIC  : 1
  PB-SDIOMUX implemented as TL-SDIOMUX: 6
  PB-SYN_VCC implemented as TL-SYN_VCC: 1
  PB-BIDIR   implemented as TL-BIDIR  : 4
  PB-SYN_GND implemented as TL-SYN_GND: 1

Placement number of temperatures: 120
Placement total # of swap attempts: 3613
	Swaps accepted:  951 (26.3 %)
	Swaps rejected:  222 ( 6.1 %)
	Swaps aborted : 2440 (67.5 %)
Placement Quench timing analysis took 1.823e-05 seconds (1.2448e-05 STA, 5.782e-06 slack) (1 full updates: 1 setup, 0 hold, 0 combined).
Placement Total  timing analysis took 0.00504297 seconds (0.00420229 STA, 0.000840676 slack) (122 full updates: 122 setup, 0 hold, 0 combined).
update_td_costs: connections 0 nets 0 sum_nets 0 total 0
Incr Slack updates 122 in 0.000221657 sec
Full Max Req/Worst Slack updates 65 in 8.3178e-05 sec
Incr Max Req/Worst Slack updates 57 in 6.1924e-05 sec
Incr Criticality updates 12 in 2.3387e-05 sec
Full Criticality updates 110 in 0.000220988 sec
# Placement took 4.02 seconds (max_rss 447.5 MiB, delta_rss +58.0 MiB)

Flow timing analysis took 0.00504297 seconds (0.00420229 STA, 0.000840676 slack) (122 full updates: 122 setup, 0 hold, 0 combined).
VPR succeeded
The entire flow of VPR took 62.39 seconds (max_rss 447.5 MiB)
