#Timing report of worst 4 path(s)
# Unit scale: 1e-09 seconds
# Output precision: 3

#Path 1
Startpoint: C.inpad[0] (.input clocked by virtual_io_clock)
Endpoint  : out:segD.outpad[0] (.output clocked by virtual_io_clock)
Path Type : setup

Point                                                                Incr      Path
-----------------------------------------------------------------------------------
clock virtual_io_clock (rise edge)                                  0.000     0.000
clock source latency                                                0.000     0.000
input external delay                                                0.000     0.000
C.inpad[0] (.input)                                                 0.000     0.000
$iopadmap$top.C.I_PAD_$inp[0] (SDIOMUX_CELL)                        0.000     0.000
$iopadmap$top.C.I_DAT[0] (SDIOMUX_CELL)                            13.945    13.945
segA_LUT3_O.t_frag.XA2[0] (T_FRAG)                                  0.000    13.945
segA_LUT3_O.t_frag.XZ[0] (T_FRAG)                                   1.605    15.551
$iopadmap$top.segD.O_DAT[0] (BIDIR_CELL)                            0.000    15.551
$iopadmap$top.segD.O_PAD_$out[0] (BIDIR_CELL)                       9.809    25.360
out:segD.outpad[0] (.output)                                        0.000    25.360
data arrival time                                                            25.360

clock virtual_io_clock (rise edge)                                  0.000     0.000
clock source latency                                                0.000     0.000
clock uncertainty                                                   0.000     0.000
output external delay                                               0.000     0.000
data required time                                                            0.000
-----------------------------------------------------------------------------------
data required time                                                            0.000
data arrival time                                                           -25.360
-----------------------------------------------------------------------------------
slack (VIOLATED)                                                            -25.360


#Path 2
Startpoint: C.inpad[0] (.input clocked by virtual_io_clock)
Endpoint  : out:segE.outpad[0] (.output clocked by virtual_io_clock)
Path Type : setup

Point                                                                Incr      Path
-----------------------------------------------------------------------------------
clock virtual_io_clock (rise edge)                                  0.000     0.000
clock source latency                                                0.000     0.000
input external delay                                                0.000     0.000
C.inpad[0] (.input)                                                 0.000     0.000
$iopadmap$top.C.I_PAD_$inp[0] (SDIOMUX_CELL)                        0.000     0.000
$iopadmap$top.C.I_DAT[0] (SDIOMUX_CELL)                            13.945    13.945
segA_LUT3_O.t_frag.XA2[0] (T_FRAG)                                  0.000    13.945
segA_LUT3_O.t_frag.XZ[0] (T_FRAG)                                   1.605    15.551
$iopadmap$top.segE.O_DAT[0] (BIDIR_CELL)                            0.000    15.551
$iopadmap$top.segE.O_PAD_$out[0] (BIDIR_CELL)                       9.809    25.360
out:segE.outpad[0] (.output)                                        0.000    25.360
data arrival time                                                            25.360

clock virtual_io_clock (rise edge)                                  0.000     0.000
clock source latency                                                0.000     0.000
clock uncertainty                                                   0.000     0.000
output external delay                                               0.000     0.000
data required time                                                            0.000
-----------------------------------------------------------------------------------
data required time                                                            0.000
data arrival time                                                           -25.360
-----------------------------------------------------------------------------------
slack (VIOLATED)                                                            -25.360


#Path 3
Startpoint: C.inpad[0] (.input clocked by virtual_io_clock)
Endpoint  : out:segF.outpad[0] (.output clocked by virtual_io_clock)
Path Type : setup

Point                                                                Incr      Path
-----------------------------------------------------------------------------------
clock virtual_io_clock (rise edge)                                  0.000     0.000
clock source latency                                                0.000     0.000
input external delay                                                0.000     0.000
C.inpad[0] (.input)                                                 0.000     0.000
$iopadmap$top.C.I_PAD_$inp[0] (SDIOMUX_CELL)                        0.000     0.000
$iopadmap$top.C.I_DAT[0] (SDIOMUX_CELL)                            13.945    13.945
segA_LUT3_O.t_frag.XA2[0] (T_FRAG)                                  0.000    13.945
segA_LUT3_O.t_frag.XZ[0] (T_FRAG)                                   1.605    15.551
$iopadmap$top.segF.O_DAT[0] (BIDIR_CELL)                            0.000    15.551
$iopadmap$top.segF.O_PAD_$out[0] (BIDIR_CELL)                       9.809    25.360
out:segF.outpad[0] (.output)                                        0.000    25.360
data arrival time                                                            25.360

clock virtual_io_clock (rise edge)                                  0.000     0.000
clock source latency                                                0.000     0.000
clock uncertainty                                                   0.000     0.000
output external delay                                               0.000     0.000
data required time                                                            0.000
-----------------------------------------------------------------------------------
data required time                                                            0.000
data arrival time                                                           -25.360
-----------------------------------------------------------------------------------
slack (VIOLATED)                                                            -25.360


#Path 4
Startpoint: C.inpad[0] (.input clocked by virtual_io_clock)
Endpoint  : out:segA.outpad[0] (.output clocked by virtual_io_clock)
Path Type : setup

Point                                                                  Incr      Path
-------------------------------------------------------------------------------------
clock virtual_io_clock (rise edge)                                    0.000     0.000
clock source latency                                                  0.000     0.000
input external delay                                                  0.000     0.000
C.inpad[0] (.input)                                                   0.000     0.000
$iopadmap$top.C.I_PAD_$inp[0] (SDIOMUX_CELL)                          0.000     0.000
$iopadmap$top.C.I_DAT[0] (SDIOMUX_CELL)                              13.945    13.945
segA_LUT3_O.t_frag.XA2[0] (T_FRAG)                                    0.000    13.945
segA_LUT3_O.t_frag.XZ[0] (T_FRAG)                                     1.605    15.551
$iopadmap$top.segA.O_DAT[0] (SDIOMUX_CELL)                            0.000    15.551
$iopadmap$top.segA.O_PAD_$out[0] (SDIOMUX_CELL)                       9.750    25.301
out:segA.outpad[0] (.output)                                          0.000    25.301
data arrival time                                                              25.301

clock virtual_io_clock (rise edge)                                    0.000     0.000
clock source latency                                                  0.000     0.000
clock uncertainty                                                     0.000     0.000
output external delay                                                 0.000     0.000
data required time                                                              0.000
-------------------------------------------------------------------------------------
data required time                                                              0.000
data arrival time                                                             -25.301
-------------------------------------------------------------------------------------
slack (VIOLATED)                                                              -25.301


#End of timing report
