#Timing report of worst 4 path(s)
# Unit scale: 1e-09 seconds
# Output precision: 3

#Path 1
Startpoint: B.inpad[0] (.input clocked by virtual_io_clock)
Endpoint  : out:segF.outpad[0] (.output clocked by virtual_io_clock)
Path Type : setup

Point                                                                Incr      Path
-----------------------------------------------------------------------------------
clock virtual_io_clock (rise edge)                                  0.000     0.000
clock source latency                                                0.000     0.000
input external delay                                                0.000     0.000
B.inpad[0] (.input)                                                 0.000     0.000
$iopadmap$top.B.I_PAD_$inp[0] (SDIOMUX_CELL)                        0.000     0.000
$iopadmap$top.B.I_DAT[0] (SDIOMUX_CELL)                            13.945    13.945
segA_LUT3_O.t_frag.XSL[0] (T_FRAG)                                  4.680    18.625
segA_LUT3_O.t_frag.XZ[0] (T_FRAG)                                   1.462    20.087
$iopadmap$top.segF.O_DAT[0] (BIDIR_CELL)                            5.335    25.422
$iopadmap$top.segF.O_PAD_$out[0] (BIDIR_CELL)                       9.809    35.231
out:segF.outpad[0] (.output)                                        0.000    35.231
data arrival time                                                            35.231

clock virtual_io_clock (rise edge)                                  0.000     0.000
clock source latency                                                0.000     0.000
clock uncertainty                                                   0.000     0.000
output external delay                                               0.000     0.000
data required time                                                            0.000
-----------------------------------------------------------------------------------
data required time                                                            0.000
data arrival time                                                           -35.231
-----------------------------------------------------------------------------------
slack (VIOLATED)                                                            -35.231


#Path 2
Startpoint: B.inpad[0] (.input clocked by virtual_io_clock)
Endpoint  : out:segE.outpad[0] (.output clocked by virtual_io_clock)
Path Type : setup

Point                                                                Incr      Path
-----------------------------------------------------------------------------------
clock virtual_io_clock (rise edge)                                  0.000     0.000
clock source latency                                                0.000     0.000
input external delay                                                0.000     0.000
B.inpad[0] (.input)                                                 0.000     0.000
$iopadmap$top.B.I_PAD_$inp[0] (SDIOMUX_CELL)                        0.000     0.000
$iopadmap$top.B.I_DAT[0] (SDIOMUX_CELL)                            13.945    13.945
segA_LUT3_O.t_frag.XSL[0] (T_FRAG)                                  4.680    18.625
segA_LUT3_O.t_frag.XZ[0] (T_FRAG)                                   1.462    20.087
$iopadmap$top.segE.O_DAT[0] (BIDIR_CELL)                            4.474    24.561
$iopadmap$top.segE.O_PAD_$out[0] (BIDIR_CELL)                       9.809    34.370
out:segE.outpad[0] (.output)                                        0.000    34.370
data arrival time                                                            34.370

clock virtual_io_clock (rise edge)                                  0.000     0.000
clock source latency                                                0.000     0.000
clock uncertainty                                                   0.000     0.000
output external delay                                               0.000     0.000
data required time                                                            0.000
-----------------------------------------------------------------------------------
data required time                                                            0.000
data arrival time                                                           -34.370
-----------------------------------------------------------------------------------
slack (VIOLATED)                                                            -34.370


#Path 3
Startpoint: B.inpad[0] (.input clocked by virtual_io_clock)
Endpoint  : out:segA.outpad[0] (.output clocked by virtual_io_clock)
Path Type : setup

Point                                                                  Incr      Path
-------------------------------------------------------------------------------------
clock virtual_io_clock (rise edge)                                    0.000     0.000
clock source latency                                                  0.000     0.000
input external delay                                                  0.000     0.000
B.inpad[0] (.input)                                                   0.000     0.000
$iopadmap$top.B.I_PAD_$inp[0] (SDIOMUX_CELL)                          0.000     0.000
$iopadmap$top.B.I_DAT[0] (SDIOMUX_CELL)                              13.945    13.945
segA_LUT3_O.t_frag.XSL[0] (T_FRAG)                                    4.680    18.625
segA_LUT3_O.t_frag.XZ[0] (T_FRAG)                                     1.462    20.087
$iopadmap$top.segA.O_DAT[0] (SDIOMUX_CELL)                            3.685    23.772
$iopadmap$top.segA.O_PAD_$out[0] (SDIOMUX_CELL)                       9.750    33.522
out:segA.outpad[0] (.output)                                          0.000    33.522
data arrival time                                                              33.522

clock virtual_io_clock (rise edge)                                    0.000     0.000
clock source latency                                                  0.000     0.000
clock uncertainty                                                     0.000     0.000
output external delay                                                 0.000     0.000
data required time                                                              0.000
-------------------------------------------------------------------------------------
data required time                                                              0.000
data arrival time                                                             -33.522
-------------------------------------------------------------------------------------
slack (VIOLATED)                                                              -33.522


#Path 4
Startpoint: B.inpad[0] (.input clocked by virtual_io_clock)
Endpoint  : out:segD.outpad[0] (.output clocked by virtual_io_clock)
Path Type : setup

Point                                                                Incr      Path
-----------------------------------------------------------------------------------
clock virtual_io_clock (rise edge)                                  0.000     0.000
clock source latency                                                0.000     0.000
input external delay                                                0.000     0.000
B.inpad[0] (.input)                                                 0.000     0.000
$iopadmap$top.B.I_PAD_$inp[0] (SDIOMUX_CELL)                        0.000     0.000
$iopadmap$top.B.I_DAT[0] (SDIOMUX_CELL)                            13.945    13.945
segA_LUT3_O.t_frag.XSL[0] (T_FRAG)                                  4.680    18.625
segA_LUT3_O.t_frag.XZ[0] (T_FRAG)                                   1.462    20.087
$iopadmap$top.segD.O_DAT[0] (BIDIR_CELL)                            3.205    23.292
$iopadmap$top.segD.O_PAD_$out[0] (BIDIR_CELL)                       9.809    33.101
out:segD.outpad[0] (.output)                                        0.000    33.101
data arrival time                                                            33.101

clock virtual_io_clock (rise edge)                                  0.000     0.000
clock source latency                                                0.000     0.000
clock uncertainty                                                   0.000     0.000
output external delay                                               0.000     0.000
data required time                                                            0.000
-----------------------------------------------------------------------------------
data required time                                                            0.000
data arrival time                                                           -33.101
-----------------------------------------------------------------------------------
slack (VIOLATED)                                                            -33.101


#End of timing report
